<?xml version="1.0" encoding="utf-8" standalone="no"?>
<!--This file represents the results of running a test suite-->
<test-results name="C:\My Content\dotnetpro\2007\Musik visualisieren\Sources\dnpPatViz FileAdapterFactory.sln" total="1" failures="0" not-run="0" date="2008-01-03" time="14:57:22">
  <environment nunit-version="2.4.2.0" clr-version="2.0.50727.42" os-version="Microsoft Windows NT 5.1.2600 Service Pack 2" platform="Win32NT" cwd="C:\My Content\dotnetpro\2007\Musik visualisieren\Sources" machine-name="FLIGHTPLAN" user="Ralf Westphal" user-domain="FLIGHTPLAN" />
  <culture-info current-culture="de-DE" current-uiculture="de-DE" />
  <test-suite name="C:\My Content\dotnetpro\2007\Musik visualisieren\Sources\dnpPatViz FileAdapterFactory.sln" success="True" time="0.078" asserts="0">
    <results>
      <test-suite name="C:\My Content\dotnetpro\2007\Musik visualisieren\Sources\test.fileadapterfactory\bin\Debug\test.fileadapterfactory.dll" success="True" time="0.078" asserts="0">
        <results>
          <test-suite name="test" success="True" time="0.078" asserts="0">
            <results>
              <test-suite name="fileadapterfactory" success="True" time="0.078" asserts="0">
                <results>
                  <test-suite name="tests" success="True" time="0.016" asserts="0">
                    <results>
                      <test-case name="test.fileadapterfactory.tests.testConfig" executed="True" success="True" time="0.016" asserts="1" />
                    </results>
                  </test-suite>
                </results>
              </test-suite>
            </results>
          </test-suite>
        </results>
      </test-suite>
    </results>
  </test-suite>
</test-results>