<?xml version="1.0" encoding="utf-8" standalone="no"?>
<!--This file represents the results of running a test suite-->
<test-results name="C:\My Content\dotnetpro\2007\Musik visualisieren\Sources\build\..\test.blackbox.pile\bin\Debug\test.blackbox.pile.dll" total="6" failures="0" not-run="2" date="2008-01-02" time="14:08:55">
  <environment nunit-version="2.4.2.0" clr-version="2.0.50727.42" os-version="Microsoft Windows NT 5.1.2600 Service Pack 2" platform="Win32NT" cwd="C:\My Content\dotnetpro\2007\Musik visualisieren\Sources\test.blackbox.pile\bin\Debug" machine-name="FLIGHTPLAN" user="Ralf Westphal" user-domain="FLIGHTPLAN" />
  <culture-info current-culture="de-DE" current-uiculture="de-DE" />
  <test-suite name="C:\My Content\dotnetpro\2007\Musik visualisieren\Sources\build\..\test.blackbox.pile\bin\Debug\test.blackbox.pile.dll" success="True" time="0.344" asserts="0">
    <results>
      <test-suite name="test" success="True" time="0.281" asserts="0">
        <results>
          <test-suite name="blackbox" success="True" time="0.281" asserts="0">
            <results>
              <test-suite name="pile" success="True" time="0.281" asserts="0">
                <results>
                  <test-suite name="tests" success="True" time="0.094" asserts="0">
                    <results>
                      <test-case name="test.blackbox.pile.tests.testCreate" executed="True" success="True" time="0.047" asserts="9" />
                      <test-case name="test.blackbox.pile.tests.testCreateTV" executed="True" success="True" time="0.000" asserts="10" />
                      <test-case name="test.blackbox.pile.tests.testGet" executed="True" success="True" time="0.000" asserts="2" />
                      <test-case name="test.blackbox.pile.tests.testParents" executed="True" success="True" time="0.000" asserts="2" />
                    </results>
                  </test-suite>
                  <test-suite name="testsFürArtikel" success="True" time="0.016" asserts="0">
                    <results>
                      <test-case name="test.blackbox.pile.testsFürArtikel.testArtikel1" executed="False">
                        <reason>
                          <message><![CDATA[Fixture class is not public]]></message>
                        </reason>
                      </test-case>
                      <test-case name="test.blackbox.pile.testsFürArtikel.testArtikel2" executed="False">
                        <reason>
                          <message><![CDATA[Fixture class is not public]]></message>
                        </reason>
                      </test-case>
                    </results>
                  </test-suite>
                  <test-suite name="testStringDemo" success="True" time="0.047" asserts="0">
                    <results>
                      <test-case name="test.blackbox.pile.testStringDemo.testAssimilate" executed="True" success="True" time="0.016" asserts="2" />
                      <test-case name="test.blackbox.pile.testStringDemo.testGenerate" executed="True" success="True" time="0.000" asserts="3" />
                    </results>
                  </test-suite>
                </results>
              </test-suite>
            </results>
          </test-suite>
        </results>
      </test-suite>
    </results>
  </test-suite>
</test-results>