<?xml version="1.0" encoding="utf-8" standalone="no"?>
<!--This file represents the results of running a test suite-->
<test-results name="C:\My Content\dotnetpro\2007\Musik visualisieren\Sources\build\..\test.blackbox.textfileadapter\bin\Debug\test.blackbox.textfileadapter.dll" total="2" failures="0" not-run="0" date="2008-01-02" time="14:08:49">
  <environment nunit-version="2.4.2.0" clr-version="2.0.50727.42" os-version="Microsoft Windows NT 5.1.2600 Service Pack 2" platform="Win32NT" cwd="C:\My Content\dotnetpro\2007\Musik visualisieren\Sources\test.blackbox.textfileadapter\bin\Debug" machine-name="FLIGHTPLAN" user="Ralf Westphal" user-domain="FLIGHTPLAN" />
  <culture-info current-culture="de-DE" current-uiculture="de-DE" />
  <test-suite name="C:\My Content\dotnetpro\2007\Musik visualisieren\Sources\build\..\test.blackbox.textfileadapter\bin\Debug\test.blackbox.textfileadapter.dll" success="True" time="0.156" asserts="0">
    <results>
      <test-suite name="test" success="True" time="0.141" asserts="0">
        <results>
          <test-suite name="blackbox" success="True" time="0.141" asserts="0">
            <results>
              <test-suite name="textfileadapter" success="True" time="0.141" asserts="0">
                <results>
                  <test-suite name="tests" success="True" time="0.094" asserts="0">
                    <results>
                      <test-case name="test.blackbox.textfileadapter.tests.testOpenClose" executed="True" success="True" time="0.047" asserts="2" />
                      <test-case name="test.blackbox.textfileadapter.tests.testReadCurrentSignal" executed="True" success="True" time="0.016" asserts="9" />
                    </results>
                  </test-suite>
                </results>
              </test-suite>
            </results>
          </test-suite>
        </results>
      </test-suite>
    </results>
  </test-suite>
</test-results>